<?xml version="1.0" encoding="UTF-8"?>
<robot generator="Robot 5.0 (Python 3.10.4 on win32)" generated="20220529 07:30:53.790" rpa="false" schemaversion="3">
<suite id="s1" name="Robot Framework" source="C:\Jothish\Robot_framework_code\Robot_framework_add_project\robot_framework.robot">
<test id="s1-t1" name="Addition two values from python" line="9">
<kw name="Add" library="main">
<var>${value}</var>
<arg>${a}</arg>
<arg>${b}</arg>
<msg timestamp="20220529 07:30:53.922" level="INFO">${value} = 30</msg>
<status status="PASS" starttime="20220529 07:30:53.922" endtime="20220529 07:30:53.922"/>
</kw>
<kw name="Add two values in robot framework keyword">
<var>${c}</var>
<kw name="Evaluate" library="BuiltIn">
<var>${c}</var>
<arg>${a}+${b}</arg>
<doc>Evaluates the given expression in Python and returns the result.</doc>
<msg timestamp="20220529 07:30:53.922" level="INFO">${c} = 30</msg>
<status status="PASS" starttime="20220529 07:30:53.922" endtime="20220529 07:30:53.922"/>
</kw>
<msg timestamp="20220529 07:30:53.922" level="INFO">${c} = 30</msg>
<status status="PASS" starttime="20220529 07:30:53.922" endtime="20220529 07:30:53.922"/>
</kw>
<kw name="Should Be Equal" library="BuiltIn">
<arg>${c}</arg>
<arg>${value}</arg>
<doc>Fails if the given objects are unequal.</doc>
<status status="PASS" starttime="20220529 07:30:53.922" endtime="20220529 07:30:53.922"/>
</kw>
<tag>add</tag>
<status status="PASS" starttime="20220529 07:30:53.906" endtime="20220529 07:30:53.922"/>
</test>
<status status="PASS" starttime="20220529 07:30:53.806" endtime="20220529 07:30:53.938"/>
</suite>
<statistics>
<total>
<stat pass="1" fail="0" skip="0">All Tests</stat>
</total>
<tag>
<stat pass="1" fail="0" skip="0">add</stat>
</tag>
<suite>
<stat pass="1" fail="0" skip="0" id="s1" name="Robot Framework">Robot Framework</stat>
</suite>
</statistics>
<errors>
</errors>
</robot>
